<?xml version="1.0" encoding="UTF-8"?>
<!-- Generated by org.testng.reporters.JUnitReportReporter -->
<testsuite hostname="Dago" failures="0" tests="3" name="Test.SolicitarFirmasTest" time="7.545" errors="0" timestamp="23 May 2022 16:45:48 GMT">
  <testcase classname="Test.SolicitarFirmasTest" name="nuevaFirma" time="1.570"/>
  <testcase classname="Test.SolicitarFirmasTest" name="seleccionarTramite" time="2.546"/>
  <testcase classname="Test.SolicitarFirmasTest" name="seleccionarCamposFirma" time="3.429"/>
</testsuite> <!-- Test.SolicitarFirmasTest -->
